template/common/androidBase/app/build/outputs/logs/manifest-merger-debug-report.txt
-- Merging decision tree log ---
provider#io.dcloud.common.util.DCloud_FileProvider
INJECTED from src\main\AndroidManifest.xml:115:9-123:20
	android:grantUriPermissions
		ADDED from src\main\AndroidManifest.xml:119:13-47
	android:authorities
		INJECTED from src\main\AndroidManifest.xml
		ADDED from src\main\AndroidManifest.xml:117:13-71
	android:exported
		ADDED from src\main\AndroidManifest.xml:118:13-37
	android:name
		ADDED from src\main\AndroidManifest.xml:116:13-69
manifest
ADDED from src\main\AndroidManifest.xml:2:1-126:12
INJECTED from src\main\AndroidManifest.xml:2:1-126:12
INJECTED from src\main\AndroidManifest.xml:2:1-126:12
INJECTED from src\main\AndroidManifest.xml:2:1-126:12
MERGED from [android-gif-drawable-release@1.2.17.aar] AndroidManifest.xml:2:1-10:12
MERGED from [miit_mdid_1.0.10.aar] AndroidManifest.xml:1:1-10:12
MERGED from [uniapp-release.aar] AndroidManifest.xml:20:1-37:12
MERGED from [uniMPSDK-release.aar] AndroidManifest.xml:2:1-208:12
MERGED from [com.wang.avi:library:2.1.3] AndroidManifest.xml:2:1-11:12
MERGED from [com.android.support:multidex:1.0.3] AndroidManifest.xml:17:1-22:12
MERGED from [com.android.support:recyclerview-v7:27.1.0] AndroidManifest.xml:17:1-22:12
MERGED from [com.android.support:support-v4:27.1.0] AndroidManifest.xml:17:1-22:12
MERGED from [com.android.support:appcompat-v7:27.1.0] AndroidManifest.xml:17:1-22:12
MERGED from [com.facebook.fresco:fresco:1.13.0] AndroidManifest.xml:2:1-9:12
MERGED from [com.facebook.fresco:animated-gif:1.13.0] AndroidManifest.xml:2:1-9:12
MERGED from [com.github.bumptech.glide:glide:4.9.0] AndroidManifest.xml:2:1-12:12
MERGED from [com.android.support.constraint:constraint-layout:1.1.3] AndroidManifest.xml:2:1-11:12
MERGED from [com.android.support:support-media-compat:27.1.0] AndroidManifest.xml:17:1-22:12
MERGED from [com.android.support:support-fragment:27.1.1] AndroidManifest.xml:17:1-22:12
MERGED from [com.github.bumptech.glide:gifdecoder:4.9.0] AndroidManifest.xml:2:1-11:12
MERGED from [com.android.support:animated-vector-drawable:27.1.1] AndroidManifest.xml:17:1-22:12
MERGED from [com.android.support:support-core-ui:27.1.1] AndroidManifest.xml:17:1-22:12
MERGED from [com.android.support:support-core-utils:27.1.1] AndroidManifest.xml:17:1-22:12
MERGED from [com.android.support:support-vector-drawable:27.1.1] AndroidManifest.xml:17:1-22:12
MERGED from [com.android.support:support-compat:27.1.1] AndroidManifest.xml:17:1-22:12
MERGED from [com.facebook.fresco:animated-base:1.13.0] AndroidManifest.xml:2:1-9:12
MERGED from [com.facebook.fresco:animated-drawable:1.13.0] AndroidManifest.xml:2:1-9:12
MERGED from [com.facebook.fresco:drawee:1.13.0] AndroidManifest.xml:2:1-9:12
MERGED from [com.facebook.fresco:nativeimagefilters:1.13.0] AndroidManifest.xml:2:1-9:12
MERGED from [com.facebook.fresco:imagepipeline:1.13.0] AndroidManifest.xml:2:1-9:12
MERGED from [com.facebook.fresco:nativeimagetranscoder:1.13.0] AndroidManifest.xml:2:1-9:12
MERGED from [com.facebook.fresco:imagepipeline-base:1.13.0] AndroidManifest.xml:2:1-9:12
MERGED from [com.facebook.fresco:fbcore:1.13.0] AndroidManifest.xml:2:1-9:12
MERGED from [com.facebook.soloader:soloader:0.6.0] AndroidManifest.xml:2:1-13:12
MERGED from [android.arch.lifecycle:runtime:1.1.0] AndroidManifest.xml:17:1-22:12
MERGED from [android.arch.lifecycle:livedata-core:1.1.0] AndroidManifest.xml:17:1-22:12
MERGED from [android.arch.lifecycle:viewmodel:1.1.0] AndroidManifest.xml:17:1-22:12
MERGED from [android.arch.core:runtime:1.1.0] AndroidManifest.xml:17:1-22:12
INJECTED from src\main\AndroidManifest.xml:2:1-126:12
INJECTED from src\main\AndroidManifest.xml:2:1-126:12
INJECTED from src\main\AndroidManifest.xml:2:1-126:12
	package
		ADDED from src\main\AndroidManifest.xml:3:5-44
		INJECTED from src\main\AndroidManifest.xml
		INJECTED from src\main\AndroidManifest.xml
	android:versionName
		INJECTED from src\main\AndroidManifest.xml
		ADDED from src\main\AndroidManifest.xml:2:1-126:12
		INJECTED from src\main\AndroidManifest.xml
	android:versionCode
		INJECTED from src\main\AndroidManifest.xml
		ADDED from src\main\AndroidManifest.xml:2:1-126:12
		INJECTED from src\main\AndroidManifest.xml
	xmlns:android
		ADDED from src\main\AndroidManifest.xml:2:11-69
uses-permission#android.permission.CAMERA
ADDED from src\main\AndroidManifest.xml:5:5-65
	android:name
		ADDED from src\main\AndroidManifest.xml:5:22-62
uses-permission#android.permission.WRITE_EXTERNAL_STORAGE
ADDED from src\main\AndroidManifest.xml:6:5-81
MERGED from [uniMPSDK-release.aar] AndroidManifest.xml:19:5-81
MERGED from [uniMPSDK-release.aar] AndroidManifest.xml:19:5-81
	android:name
		ADDED from src\main\AndroidManifest.xml:6:22-78
uses-feature#android.hardware.camera
ADDED from src\main\AndroidManifest.xml:8:5-60
	android:name
		ADDED from src\main\AndroidManifest.xml:8:19-57
uses-feature#android.hardware.camera.autofocus
ADDED from src\main\AndroidManifest.xml:9:5-70
	android:name
		ADDED from src\main\AndroidManifest.xml:9:19-67
uses-permission#android.permission.VIBRATE
ADDED from src\main\AndroidManifest.xml:11:5-66
	android:name
		ADDED from src\main\AndroidManifest.xml:11:22-63
uses-permission#android.permission.FLASHLIGHT
ADDED from src\main\AndroidManifest.xml:12:5-69
	android:name
		ADDED from src\main\AndroidManifest.xml:12:22-66
uses-permission#android.permission.USE_FINGERPRINT
ADDED from src\main\AndroidManifest.xml:15:5-74
	android:name
		ADDED from src\main\AndroidManifest.xml:15:22-71
uses-permission#android.permission.INTERNET
ADDED from src\main\AndroidManifest.xml:18:5-67
MERGED from [miit_mdid_1.0.10.aar] AndroidManifest.xml:6:5-67
MERGED from [miit_mdid_1.0.10.aar] AndroidManifest.xml:6:5-67
MERGED from [uniMPSDK-release.aar] AndroidManifest.xml:20:5-67
MERGED from [uniMPSDK-release.aar] AndroidManifest.xml:20:5-67
	android:name
		ADDED from src\main\AndroidManifest.xml:18:22-64
uses-permission#android.permission.ACCESS_COARSE_LOCATION
ADDED from src\main\AndroidManifest.xml:20:5-81
	android:name
		ADDED from src\main\AndroidManifest.xml:20:22-78
uses-permission#android.permission.ACCESS_FINE_LOCATION
ADDED from src\main\AndroidManifest.xml:21:5-79
	android:name
		ADDED from src\main\AndroidManifest.xml:21:22-76
uses-permission#android.permission.WRITE_SETTINGS
ADDED from src\main\AndroidManifest.xml:22:5-73
	android:name
		ADDED from src\main\AndroidManifest.xml:22:22-70
uses-permission#android.permission.ACCESS_NETWORK_STATE
ADDED from src\main\AndroidManifest.xml:23:5-79
MERGED from [miit_mdid_1.0.10.aar] AndroidManifest.xml:4:5-79
MERGED from [miit_mdid_1.0.10.aar] AndroidManifest.xml:4:5-79
MERGED from [uniMPSDK-release.aar] AndroidManifest.xml:21:5-79
MERGED from [uniMPSDK-release.aar] AndroidManifest.xml:21:5-79
	android:name
		ADDED from src\main\AndroidManifest.xml:23:22-76
uses-permission#android.permission.CHANGE_WIFI_STATE
ADDED from src\main\AndroidManifest.xml:24:5-76
	android:name
		ADDED from src\main\AndroidManifest.xml:24:22-73
uses-permission#android.permission.READ_PHONE_STATE
ADDED from src\main\AndroidManifest.xml:25:5-75
MERGED from [miit_mdid_1.0.10.aar] AndroidManifest.xml:5:5-75
MERGED from [miit_mdid_1.0.10.aar] AndroidManifest.xml:5:5-75
	android:name
		ADDED from src\main\AndroidManifest.xml:25:22-72
uses-permission#android.permission.MOUNT_UNMOUNT_FILESYSTEMS
ADDED from src\main\AndroidManifest.xml:26:5-84
	android:name
		ADDED from src\main\AndroidManifest.xml:26:22-81
uses-permission#android.permission.READ_LOGS
ADDED from src\main\AndroidManifest.xml:27:5-68
	android:name
		ADDED from src\main\AndroidManifest.xml:27:22-65
uses-permission#android.permission.ACCESS_WIFI_STATE
ADDED from src\main\AndroidManifest.xml:34:5-76
	android:name
		ADDED from src\main\AndroidManifest.xml:34:22-73
uses-permission#android.permission.MODIFY_AUDIO_SETTINGS
ADDED from src\main\AndroidManifest.xml:43:5-80
	android:name
		ADDED from src\main\AndroidManifest.xml:43:22-77
uses-permission#android.permission.RECORD_AUDIO
ADDED from src\main\AndroidManifest.xml:49:5-71
	android:name
		ADDED from src\main\AndroidManifest.xml:49:22-68
uses-permission#android.permission.CHANGE_NETWORK_STATE
ADDED from src\main\AndroidManifest.xml:52:5-79
	android:name
		ADDED from src\main\AndroidManifest.xml:52:22-76
uses-permission#android.permission.RECEIVE_BOOT_COMPLETED
ADDED from src\main\AndroidManifest.xml:60:5-81
	android:name
		ADDED from src\main\AndroidManifest.xml:60:22-78
uses-permission#android.permission.RECEIVE_USER_PRESENT
ADDED from src\main\AndroidManifest.xml:61:5-79
	android:name
		ADDED from src\main\AndroidManifest.xml:61:22-76
uses-permission#com.xiaomi.permission.AUTH_SERVICE
ADDED from src\main\AndroidManifest.xml:65:5-74
	android:name
		ADDED from src\main\AndroidManifest.xml:65:22-71
uses-permission#android.permission.BLUETOOTH_ADMIN
ADDED from src\main\AndroidManifest.xml:70:5-74
	android:name
		ADDED from src\main\AndroidManifest.xml:70:22-71
uses-permission#android.permission.BLUETOOTH
ADDED from src\main\AndroidManifest.xml:71:5-68
	android:name
		ADDED from src\main\AndroidManifest.xml:71:22-65
uses-permission#android.permission.GET_TASKS
ADDED from src\main\AndroidManifest.xml:74:5-68
	android:name
		ADDED from src\main\AndroidManifest.xml:74:22-65
uses-permission#android.permission.READ_CONTACTS
ADDED from src\main\AndroidManifest.xml:76:5-72
	android:name
		ADDED from src\main\AndroidManifest.xml:76:22-69
uses-permission#android.permission.WRITE_CONTACTS
ADDED from src\main\AndroidManifest.xml:81:5-73
	android:name
		ADDED from src\main\AndroidManifest.xml:81:22-70
uses-permission#android.permission.GET_ACCOUNTS
ADDED from src\main\AndroidManifest.xml:83:5-71
	android:name
		ADDED from src\main\AndroidManifest.xml:83:22-68
uses-permission#android.permission.SEND_SMS
ADDED from src\main\AndroidManifest.xml:85:5-67
	android:name
		ADDED from src\main\AndroidManifest.xml:85:22-64
uses-permission#android.permission.WRITE_SMS
ADDED from src\main\AndroidManifest.xml:91:5-68
	android:name
		ADDED from src\main\AndroidManifest.xml:91:22-65
uses-permission#android.permission.READ_SMS
ADDED from src\main\AndroidManifest.xml:92:5-67
	android:name
		ADDED from src\main\AndroidManifest.xml:92:22-64
uses-permission#getui.permission.GetuiService.com.example.unimpdemo
ADDED from src\main\AndroidManifest.xml:94:5-90
	android:name
		ADDED from src\main\AndroidManifest.xml:94:22-88
permission#getui.permission.GetuiService.com.example.unimpdemo
ADDED from src\main\AndroidManifest.xml:95:5-118
	android:protectionLevel
		ADDED from src\main\AndroidManifest.xml:95:84-116
	android:name
		ADDED from src\main\AndroidManifest.xml:95:17-83
application
ADDED from src\main\AndroidManifest.xml:97:5-124:19
MERGED from [uniapp-release.aar] AndroidManifest.xml:29:5-35:19
MERGED from [uniapp-release.aar] AndroidManifest.xml:29:5-35:19
MERGED from [uniMPSDK-release.aar] AndroidManifest.xml:32:5-206:19
MERGED from [uniMPSDK-release.aar] AndroidManifest.xml:32:5-206:19
MERGED from [com.github.bumptech.glide:glide:4.9.0] AndroidManifest.xml:10:5-20
MERGED from [com.github.bumptech.glide:glide:4.9.0] AndroidManifest.xml:10:5-20
MERGED from [com.android.support.constraint:constraint-layout:1.1.3] AndroidManifest.xml:9:5-20
MERGED from [com.android.support.constraint:constraint-layout:1.1.3] AndroidManifest.xml:9:5-20
MERGED from [com.github.bumptech.glide:gifdecoder:4.9.0] AndroidManifest.xml:9:5-20
MERGED from [com.github.bumptech.glide:gifdecoder:4.9.0] AndroidManifest.xml:9:5-20
MERGED from [com.facebook.soloader:soloader:0.6.0] AndroidManifest.xml:11:5-20
MERGED from [com.facebook.soloader:soloader:0.6.0] AndroidManifest.xml:11:5-20
	android:supportsRtl
		ADDED from src\main\AndroidManifest.xml:104:9-35
	android:label
		ADDED from src\main\AndroidManifest.xml:101:9-41
	android:allowClearUserData
		ADDED from [uniMPSDK-release.aar] AndroidManifest.xml:33:9-42
	android:roundIcon
		ADDED from src\main\AndroidManifest.xml:102:9-54
	android:largeHeap
		ADDED from [uniMPSDK-release.aar] AndroidManifest.xml:34:9-33
	android:icon
		ADDED from src\main\AndroidManifest.xml:100:9-43
	android:allowBackup
		ADDED from src\main\AndroidManifest.xml:99:9-35
	android:theme
		ADDED from src\main\AndroidManifest.xml:105:9-40
	android:networkSecurityConfig
		ADDED from src\main\AndroidManifest.xml:103:9-65
	android:usesCleartextTraffic
		ADDED from [uniMPSDK-release.aar] AndroidManifest.xml:36:9-44
	android:name
		ADDED from src\main\AndroidManifest.xml:98:9-28
activity#com.ztesoft.fmx.myapplication.LoadingActivity
ADDED from src\main\AndroidManifest.xml:106:9-53
	android:name
		ADDED from src\main\AndroidManifest.xml:106:19-50
activity#com.ztesoft.fmx.myapplication.MainActivity
ADDED from src\main\AndroidManifest.xml:107:9-113:20
	android:name
		ADDED from src\main\AndroidManifest.xml:107:19-47
intent-filter#action:name:android.intent.action.MAIN+category:name:android.intent.category.LAUNCHER
ADDED from src\main\AndroidManifest.xml:108:13-112:29
action#android.intent.action.MAIN
ADDED from src\main\AndroidManifest.xml:109:17-69
	android:name
		ADDED from src\main\AndroidManifest.xml:109:25-66
category#android.intent.category.LAUNCHER
ADDED from src\main\AndroidManifest.xml:111:17-77
	android:name
		ADDED from src\main\AndroidManifest.xml:111:27-74
uses-sdk
INJECTED from src\main\AndroidManifest.xml reason: use-sdk injection requested
INJECTED from src\main\AndroidManifest.xml
INJECTED from src\main\AndroidManifest.xml
MERGED from [android-gif-drawable-release@1.2.17.aar] AndroidManifest.xml:6:5-8:41
MERGED from [android-gif-drawable-release@1.2.17.aar] AndroidManifest.xml:6:5-8:41
MERGED from [uniapp-release.aar] AndroidManifest.xml:25:5-27:41
MERGED from [uniapp-release.aar] AndroidManifest.xml:25:5-27:41
MERGED from [uniMPSDK-release.aar] AndroidManifest.xml:8:5-10:41
MERGED from [uniMPSDK-release.aar] AndroidManifest.xml:8:5-10:41
MERGED from [com.wang.avi:library:2.1.3] AndroidManifest.xml:7:5-9:41
MERGED from [com.wang.avi:library:2.1.3] AndroidManifest.xml:7:5-9:41
MERGED from [com.android.support:multidex:1.0.3] AndroidManifest.xml:20:5-43
MERGED from [com.android.support:multidex:1.0.3] AndroidManifest.xml:20:5-43
MERGED from [com.android.support:recyclerview-v7:27.1.0] AndroidManifest.xml:20:5-44
MERGED from [com.android.support:recyclerview-v7:27.1.0] AndroidManifest.xml:20:5-44
MERGED from [com.android.support:support-v4:27.1.0] AndroidManifest.xml:20:5-44
MERGED from [com.android.support:support-v4:27.1.0] AndroidManifest.xml:20:5-44
MERGED from [com.android.support:appcompat-v7:27.1.0] AndroidManifest.xml:20:5-44
MERGED from [com.android.support:appcompat-v7:27.1.0] AndroidManifest.xml:20:5-44
MERGED from [com.facebook.fresco:fresco:1.13.0] AndroidManifest.xml:5:5-7:41
MERGED from [com.facebook.fresco:fresco:1.13.0] AndroidManifest.xml:5:5-7:41
MERGED from [com.facebook.fresco:animated-gif:1.13.0] AndroidManifest.xml:5:5-7:41
MERGED from [com.facebook.fresco:animated-gif:1.13.0] AndroidManifest.xml:5:5-7:41
MERGED from [com.github.bumptech.glide:glide:4.9.0] AndroidManifest.xml:6:5-8:41
MERGED from [com.github.bumptech.glide:glide:4.9.0] AndroidManifest.xml:6:5-8:41
MERGED from [com.android.support.constraint:constraint-layout:1.1.3] AndroidManifest.xml:5:5-7:41
MERGED from [com.android.support.constraint:constraint-layout:1.1.3] AndroidManifest.xml:5:5-7:41
MERGED from [com.android.support:support-media-compat:27.1.0] AndroidManifest.xml:20:5-44
MERGED from [com.android.support:support-media-compat:27.1.0] AndroidManifest.xml:20:5-44
MERGED from [com.android.support:support-fragment:27.1.1] AndroidManifest.xml:20:5-44
MERGED from [com.android.support:support-fragment:27.1.1] AndroidManifest.xml:20:5-44
MERGED from [com.github.bumptech.glide:gifdecoder:4.9.0] AndroidManifest.xml:5:5-7:41
MERGED from [com.github.bumptech.glide:gifdecoder:4.9.0] AndroidManifest.xml:5:5-7:41
MERGED from [com.android.support:animated-vector-drawable:27.1.1] AndroidManifest.xml:20:5-44
MERGED from [com.android.support:animated-vector-drawable:27.1.1] AndroidManifest.xml:20:5-44
MERGED from [com.android.support:support-core-ui:27.1.1] AndroidManifest.xml:20:5-44
MERGED from [com.android.support:support-core-ui:27.1.1] AndroidManifest.xml:20:5-44
MERGED from [com.android.support:support-core-utils:27.1.1] AndroidManifest.xml:20:5-44
MERGED from [com.android.support:support-core-utils:27.1.1] AndroidManifest.xml:20:5-44
MERGED from [com.android.support:support-vector-drawable:27.1.1] AndroidManifest.xml:20:5-44
MERGED from [com.android.support:support-vector-drawable:27.1.1] AndroidManifest.xml:20:5-44
MERGED from [com.android.support:support-compat:27.1.1] AndroidManifest.xml:20:5-44
MERGED from [com.android.support:support-compat:27.1.1] AndroidManifest.xml:20:5-44
MERGED from [com.facebook.fresco:animated-base:1.13.0] AndroidManifest.xml:5:5-7:41
MERGED from [com.facebook.fresco:animated-base:1.13.0] AndroidManifest.xml:5:5-7:41
MERGED from [com.facebook.fresco:animated-drawable:1.13.0] AndroidManifest.xml:5:5-7:41
MERGED from [com.facebook.fresco:animated-drawable:1.13.0] AndroidManifest.xml:5:5-7:41
MERGED from [com.facebook.fresco:drawee:1.13.0] AndroidManifest.xml:5:5-7:41
MERGED from [com.facebook.fresco:drawee:1.13.0] AndroidManifest.xml:5:5-7:41
MERGED from [com.facebook.fresco:nativeimagefilters:1.13.0] AndroidManifest.xml:5:5-7:41
MERGED from [com.facebook.fresco:nativeimagefilters:1.13.0] AndroidManifest.xml:5:5-7:41
MERGED from [com.facebook.fresco:imagepipeline:1.13.0] AndroidManifest.xml:5:5-7:41
MERGED from [com.facebook.fresco:imagepipeline:1.13.0] AndroidManifest.xml:5:5-7:41
MERGED from [com.facebook.fresco:nativeimagetranscoder:1.13.0] AndroidManifest.xml:5:5-7:41
MERGED from [com.facebook.fresco:nativeimagetranscoder:1.13.0] AndroidManifest.xml:5:5-7:41
MERGED from [com.facebook.fresco:imagepipeline-base:1.13.0] AndroidManifest.xml:5:5-7:41
MERGED from [com.facebook.fresco:imagepipeline-base:1.13.0] AndroidManifest.xml:5:5-7:41
MERGED from [com.facebook.fresco:fbcore:1.13.0] AndroidManifest.xml:5:5-7:41
MERGED from [com.facebook.fresco:fbcore:1.13.0] AndroidManifest.xml:5:5-7:41
MERGED from [com.facebook.soloader:soloader:0.6.0] AndroidManifest.xml:7:5-9:41
MERGED from [com.facebook.soloader:soloader:0.6.0] AndroidManifest.xml:7:5-9:41
MERGED from [android.arch.lifecycle:runtime:1.1.0] AndroidManifest.xml:20:5-44
MERGED from [android.arch.lifecycle:runtime:1.1.0] AndroidManifest.xml:20:5-44
MERGED from [android.arch.lifecycle:livedata-core:1.1.0] AndroidManifest.xml:20:5-44
MERGED from [android.arch.lifecycle:livedata-core:1.1.0] AndroidManifest.xml:20:5-44
MERGED from [android.arch.lifecycle:viewmodel:1.1.0] AndroidManifest.xml:20:5-44
MERGED from [android.arch.lifecycle:viewmodel:1.1.0] AndroidManifest.xml:20:5-44
MERGED from [android.arch.core:runtime:1.1.0] AndroidManifest.xml:20:5-44
MERGED from [android.arch.core:runtime:1.1.0] AndroidManifest.xml:20:5-44
INJECTED from src\main\AndroidManifest.xml
INJECTED from src\main\AndroidManifest.xml
	android:targetSdkVersion
		INJECTED from src\main\AndroidManifest.xml
		ADDED from src\main\AndroidManifest.xml
		INJECTED from src\main\AndroidManifest.xml
	android:minSdkVersion
		INJECTED from src\main\AndroidManifest.xml
		ADDED from src\main\AndroidManifest.xml
		INJECTED from src\main\AndroidManifest.xml
meta-data#android.support.FILE_PROVIDER_PATHS
ADDED from src\main\AndroidManifest.xml:120:13-122:64
	android:resource
		ADDED from src\main\AndroidManifest.xml:122:17-61
	android:name
		ADDED from src\main\AndroidManifest.xml:121:17-67
uses-permission#com.asus.msa.SupplementaryDID.ACCESS
ADDED from [miit_mdid_1.0.10.aar] AndroidManifest.xml:8:5-76
	android:name
		ADDED from [miit_mdid_1.0.10.aar] AndroidManifest.xml:8:22-73
uses-permission#android.permission.READ_EXTERNAL_STORAGE
IMPLIED from src\main\AndroidManifest.xml:2:1-126:12 reason: com.bun.miitmdid requested WRITE_EXTERNAL_STORAGE
receiver#com.taobao.weex.WXGlobalEventReceiver
ADDED from [uniapp-release.aar] AndroidManifest.xml:30:9-34:20
	android:enabled
		ADDED from [uniapp-release.aar] AndroidManifest.xml:32:13-35
	android:exported
		ADDED from [uniapp-release.aar] AndroidManifest.xml:33:13-37
	android:name
		ADDED from [uniapp-release.aar] AndroidManifest.xml:31:13-65
supports-screens
ADDED from [uniMPSDK-release.aar] AndroidManifest.xml:12:5-17:39
	android:largeScreens
		ADDED from [uniMPSDK-release.aar] AndroidManifest.xml:14:9-36
	android:smallScreens
		ADDED from [uniMPSDK-release.aar] AndroidManifest.xml:17:9-36
	android:normalScreens
		ADDED from [uniMPSDK-release.aar] AndroidManifest.xml:15:9-37
	android:resizeable
		ADDED from [uniMPSDK-release.aar] AndroidManifest.xml:16:9-34
	android:anyDensity
		ADDED from [uniMPSDK-release.aar] AndroidManifest.xml:13:9-34
uses-permission#com.android.launcher.permission.UNINSTALL_SHORTCUT
ADDED from [uniMPSDK-release.aar] AndroidManifest.xml:22:5-90
	android:name
		ADDED from [uniMPSDK-release.aar] AndroidManifest.xml:22:22-87
uses-permission#com.huawei.android.launcher.permission.CHANGE_BADGE
ADDED from [uniMPSDK-release.aar] AndroidManifest.xml:24:5-91
	android:name
		ADDED from [uniMPSDK-release.aar] AndroidManifest.xml:24:22-88
uses-permission#com.android.launcher.permission.INSTALL_SHORTCUT
ADDED from [uniMPSDK-release.aar] AndroidManifest.xml:25:5-88
	android:name
		ADDED from [uniMPSDK-release.aar] AndroidManifest.xml:25:22-85
uses-permission#com.android.launcher.permission.READ_SETTINGS
ADDED from [uniMPSDK-release.aar] AndroidManifest.xml:26:5-85
	android:name
		ADDED from [uniMPSDK-release.aar] AndroidManifest.xml:26:22-82
uses-permission#com.android.launcher2.permission.READ_SETTINGS
ADDED from [uniMPSDK-release.aar] AndroidManifest.xml:27:5-86
	android:name
		ADDED from [uniMPSDK-release.aar] AndroidManifest.xml:27:22-83
uses-permission#com.android.launcher3.permission.READ_SETTINGS
ADDED from [uniMPSDK-release.aar] AndroidManifest.xml:28:5-86
	android:name
		ADDED from [uniMPSDK-release.aar] AndroidManifest.xml:28:22-83
uses-permission#android.permission.REQUEST_INSTALL_PACKAGES
ADDED from [uniMPSDK-release.aar] AndroidManifest.xml:30:5-83
	android:name
		ADDED from [uniMPSDK-release.aar] AndroidManifest.xml:30:22-80
activity#io.dcloud.PandoraEntry
ADDED from [uniMPSDK-release.aar] AndroidManifest.xml:40:9-62:20
	android:process
		ADDED from [uniMPSDK-release.aar] AndroidManifest.xml:44:13-46
	android:hardwareAccelerated
		ADDED from [uniMPSDK-release.aar] AndroidManifest.xml:43:13-47
	android:windowSoftInputMode
		ADDED from [uniMPSDK-release.aar] AndroidManifest.xml:46:13-55
	android:configChanges
		ADDED from [uniMPSDK-release.aar] AndroidManifest.xml:42:13-92
	android:theme
		ADDED from [uniMPSDK-release.aar] AndroidManifest.xml:45:13-52
	android:name
		ADDED from [uniMPSDK-release.aar] AndroidManifest.xml:41:13-50
intent-filter#action:name:android.intent.action.VIEW+category:name:android.intent.category.BROWSABLE+category:name:android.intent.category.DEFAULT+data:scheme:hbuilder
ADDED from [uniMPSDK-release.aar] AndroidManifest.xml:47:13-54:29
data
ADDED from [uniMPSDK-release.aar] AndroidManifest.xml:48:17-51
	android:scheme
		ADDED from [uniMPSDK-release.aar] AndroidManifest.xml:48:23-48
action#android.intent.action.VIEW
ADDED from [uniMPSDK-release.aar] AndroidManifest.xml:50:17-69
	android:name
		ADDED from [uniMPSDK-release.aar] AndroidManifest.xml:50:25-66
category#android.intent.category.DEFAULT
ADDED from [uniMPSDK-release.aar] AndroidManifest.xml:52:17-76
	android:name
		ADDED from [uniMPSDK-release.aar] AndroidManifest.xml:52:27-73
category#android.intent.category.BROWSABLE
ADDED from [uniMPSDK-release.aar] AndroidManifest.xml:53:17-78
	android:name
		ADDED from [uniMPSDK-release.aar] AndroidManifest.xml:53:27-75
intent-filter#action:name:android.intent.action.SEND+category:name:android.intent.category.DEFAULT+data:mimeType:image/*
ADDED from [uniMPSDK-release.aar] AndroidManifest.xml:55:13-61:29
action#android.intent.action.SEND
ADDED from [uniMPSDK-release.aar] AndroidManifest.xml:58:17-69
	android:name
		ADDED from [uniMPSDK-release.aar] AndroidManifest.xml:58:25-66
activity#io.dcloud.feature.sdk.DCUniMPActivity
ADDED from [uniMPSDK-release.aar] AndroidManifest.xml:65:9-83:20
	android:screenOrientation
		ADDED from [uniMPSDK-release.aar] AndroidManifest.xml:72:13-45
	android:process
		ADDED from [uniMPSDK-release.aar] AndroidManifest.xml:71:13-46
	android:launchMode
		ADDED from [uniMPSDK-release.aar] AndroidManifest.xml:69:13-44
	android:hardwareAccelerated
		ADDED from [uniMPSDK-release.aar] AndroidManifest.xml:68:13-47
	android:windowSoftInputMode
		ADDED from [uniMPSDK-release.aar] AndroidManifest.xml:74:13-55
	android:permission
		ADDED from [uniMPSDK-release.aar] AndroidManifest.xml:70:13-89
	android:configChanges
		ADDED from [uniMPSDK-release.aar] AndroidManifest.xml:67:13-101
	android:theme
		ADDED from [uniMPSDK-release.aar] AndroidManifest.xml:73:13-47
	android:name
		ADDED from [uniMPSDK-release.aar] AndroidManifest.xml:66:13-65
intent-filter#action:name:android.intent.action.VIEW+category:name:android.intent.category.BROWSABLE+category:name:android.intent.category.DEFAULT+data:scheme:h56131bcf
ADDED from [uniMPSDK-release.aar] AndroidManifest.xml:75:13-82:29
service#io.dcloud.feature.sdk.DCUniMPService
ADDED from [uniMPSDK-release.aar] AndroidManifest.xml:85:9-87:49
	android:process
		ADDED from [uniMPSDK-release.aar] AndroidManifest.xml:87:13-46
	android:name
		ADDED from [uniMPSDK-release.aar] AndroidManifest.xml:86:13-64
receiver#io.dcloud.common.adapter.io.PushReceiver
ADDED from [uniMPSDK-release.aar] AndroidManifest.xml:89:9-93:20
	android:name
		ADDED from [uniMPSDK-release.aar] AndroidManifest.xml:89:19-74
intent-filter#action:name:dcloud.push.broswer
ADDED from [uniMPSDK-release.aar] AndroidManifest.xml:90:13-92:29
action#dcloud.push.broswer
ADDED from [uniMPSDK-release.aar] AndroidManifest.xml:91:17-62
	android:name
		ADDED from [uniMPSDK-release.aar] AndroidManifest.xml:91:25-59
activity#io.dcloud.imagepick.CustomGalleryActivity
ADDED from [uniMPSDK-release.aar] AndroidManifest.xml:95:9-99:49
	android:process
		ADDED from [uniMPSDK-release.aar] AndroidManifest.xml:99:13-46
	android:noHistory
		ADDED from [uniMPSDK-release.aar] AndroidManifest.xml:98:13-37
	android:exported
		ADDED from [uniMPSDK-release.aar] AndroidManifest.xml:97:13-37
	android:name
		ADDED from [uniMPSDK-release.aar] AndroidManifest.xml:96:13-69
activity#io.dcloud.feature.nativeObj.photoview.PhotoActivity
ADDED from [uniMPSDK-release.aar] AndroidManifest.xml:100:9-104:58
	android:process
		ADDED from [uniMPSDK-release.aar] AndroidManifest.xml:103:13-46
	android:noHistory
		ADDED from [uniMPSDK-release.aar] AndroidManifest.xml:102:13-38
	android:theme
		ADDED from [uniMPSDK-release.aar] AndroidManifest.xml:104:13-55
	android:name
		ADDED from [uniMPSDK-release.aar] AndroidManifest.xml:101:13-79
activity#io.dcloud.appstream.StreamAppMainActivity
ADDED from [uniMPSDK-release.aar] AndroidManifest.xml:105:9-127:20
	android:screenOrientation
		ADDED from [uniMPSDK-release.aar] AndroidManifest.xml:111:13-49
	android:process
		ADDED from [uniMPSDK-release.aar] AndroidManifest.xml:110:13-46
	android:launchMode
		ADDED from [uniMPSDK-release.aar] AndroidManifest.xml:109:13-44
	android:windowSoftInputMode
		ADDED from [uniMPSDK-release.aar] AndroidManifest.xml:114:13-73
	android:exported
		ADDED from [uniMPSDK-release.aar] AndroidManifest.xml:108:13-36
	android:configChanges
		ADDED from [uniMPSDK-release.aar] AndroidManifest.xml:107:13-82
	android:theme
		ADDED from [uniMPSDK-release.aar] AndroidManifest.xml:113:13-70
	android:taskAffinity
		ADDED from [uniMPSDK-release.aar] AndroidManifest.xml:112:13-41
	android:name
		ADDED from [uniMPSDK-release.aar] AndroidManifest.xml:106:13-69
intent-filter#action:name:android.intent.action.MAIN
ADDED from [uniMPSDK-release.aar] AndroidManifest.xml:115:13-117:29
intent-filter#action:name:android.intent.action.VIEW+category:name:android.intent.category.BROWSABLE+category:name:android.intent.category.DEFAULT+data:scheme:streamapp+data:scheme:streamappmain
ADDED from [uniMPSDK-release.aar] AndroidManifest.xml:118:13-126:29
activity#io.dcloud.WebAppActivity
ADDED from [uniMPSDK-release.aar] AndroidManifest.xml:128:9-139:58
	android:screenOrientation
		ADDED from [uniMPSDK-release.aar] AndroidManifest.xml:136:13-49
	android:process
		ADDED from [uniMPSDK-release.aar] AndroidManifest.xml:135:13-46
	android:label
		ADDED from [uniMPSDK-release.aar] AndroidManifest.xml:133:13-46
	android:launchMode
		ADDED from [uniMPSDK-release.aar] AndroidManifest.xml:134:13-44
	android:hardwareAccelerated
		ADDED from [uniMPSDK-release.aar] AndroidManifest.xml:131:13-47
	android:windowSoftInputMode
		ADDED from [uniMPSDK-release.aar] AndroidManifest.xml:139:13-55
	android:configChanges
		ADDED from [uniMPSDK-release.aar] AndroidManifest.xml:130:13-92
	android:icon
		ADDED from [uniMPSDK-release.aar] AndroidManifest.xml:132:13-51
	android:theme
		ADDED from [uniMPSDK-release.aar] AndroidManifest.xml:138:13-47
	android:taskAffinity
		ADDED from [uniMPSDK-release.aar] AndroidManifest.xml:137:13-43
	android:name
		ADDED from [uniMPSDK-release.aar] AndroidManifest.xml:129:13-52
service#io.dcloud.streamdownload.DownloadService
ADDED from [uniMPSDK-release.aar] AndroidManifest.xml:141:9-147:19
	android:process
		ADDED from [uniMPSDK-release.aar] AndroidManifest.xml:143:13-46
	android:name
		ADDED from [uniMPSDK-release.aar] AndroidManifest.xml:142:13-68
intent-filter#action:name:com.qihoo.life.plugin.streamapp.ACTION_PUSH_TO_PLUGIN
ADDED from [uniMPSDK-release.aar] AndroidManifest.xml:144:13-146:29
action#com.qihoo.life.plugin.streamapp.ACTION_PUSH_TO_PLUGIN
ADDED from [uniMPSDK-release.aar] AndroidManifest.xml:145:17-96
	android:name
		ADDED from [uniMPSDK-release.aar] AndroidManifest.xml:145:25-93
service#io.dcloud.multiprocess.service.MultiProcessService
ADDED from [uniMPSDK-release.aar] AndroidManifest.xml:148:9-86
	android:name